<?xml version="1.0" encoding="UTF-8"?>
<!-- Generated by org.testng.reporters.JUnitReportReporter -->
<testsuite hostname="DESKTOP-CTSHTI7" failures="0" tests="1" name="testCases.TestHomeOffers" time="13.950" errors="0" timestamp="2024-01-24T21:12:26 BDT" skipped="0">
  <testcase classname="testCases.TestHomeOffers" name="testOffers" time="13.950"/>
</testsuite> <!-- testCases.TestHomeOffers -->
